2024-05-28 19:23:56,744 | INFO | fairseq.tasks.text_to_speech | Please install tensorboardX: pip install tensorboardX
Allocated memory: 0.00 GB
Model alocated: 0.00 GB
Tokens made
Tokens alocated memory: 0.00 GB
Cached memory: 0.00 GB
Model alocated: 0.00 GB
Tokens made
Tokens alocated memory: 0.00 GB
Cached memory: 0.00 GB
2024-05-28 19:24:26,074 | INFO | laser_encoders.download_models |  - laser2.spm already downloaded
2024-05-28 19:24:26,148 | INFO | laser_encoders.download_models |  - laser3-hin_Deva.v1.pt already downloaded
2024-05-28 19:24:26,148 | INFO | laser_encoders.download_models |  - laser2.spm already downloaded
2024-05-28 19:24:26,149 | INFO | laser_encoders.download_models |  - laser2.cvocab already downloaded
2024-05-28 19:24:33,243 | INFO | laser_encoders.download_models |  - laser2.spm already downloaded
2024-05-28 19:24:33,302 | INFO | laser_encoders.download_models |  - laser2.pt already downloaded
2024-05-28 19:24:33,302 | INFO | laser_encoders.download_models |  - laser2.spm already downloaded
2024-05-28 19:24:33,302 | INFO | laser_encoders.download_models |  - laser2.cvocab already downloaded
Model alocated: 0.00 GB
Tokens made
Tokens alocated memory: 0.00 GB
Cached memory: 0.00 GB
Model alocated: 0.00 GB
Tokens made
Tokens alocated memory: 0.00 GB
Cached memory: 0.00 GB
1
cuda
