2024-05-28 16:17:21,958 | INFO | fairseq.tasks.text_to_speech | Please install tensorboardX: pip install tensorboardX
Allocated memory: 0.00 GB
Model alocated: 0.00 GB
Tokens made
Tokens alocated memory: 0.00 GB
Cached memory: 0.00 GB
Model alocated: 0.00 GB
Tokens made
Tokens alocated memory: 0.00 GB
Cached memory: 0.00 GB
2024-05-28 16:17:52,662 | INFO | laser_encoders.download_models |  - laser2.spm already downloaded
2024-05-28 16:17:52,745 | INFO | laser_encoders.download_models |  - laser3-hin_Deva.v1.pt already downloaded
2024-05-28 16:17:52,746 | INFO | laser_encoders.download_models |  - laser2.spm already downloaded
2024-05-28 16:17:52,746 | INFO | laser_encoders.download_models |  - laser2.cvocab already downloaded
2024-05-28 16:18:00,583 | INFO | laser_encoders.download_models |  - laser2.spm already downloaded
2024-05-28 16:18:00,644 | INFO | laser_encoders.download_models |  - laser2.pt already downloaded
2024-05-28 16:18:00,644 | INFO | laser_encoders.download_models |  - laser2.spm already downloaded
2024-05-28 16:18:00,644 | INFO | laser_encoders.download_models |  - laser2.cvocab already downloaded
Model alocated: 0.00 GB
Tokens made
Tokens alocated memory: 0.00 GB
Cached memory: 0.00 GB
Model alocated: 0.00 GB
Tokens made
Tokens alocated memory: 0.00 GB
Cached memory: 0.00 GB
